2022-08-10 01:28:11.524  INFO 20696 --- [main] c.f.FerhatFullStackApplicationTests      : Starting FerhatFullStackApplicationTests using Java 18.0.2 on FERHAT with PID 20696 (started by NERİA in A:\FerhatFullStack)
2022-08-10 01:28:11.524  INFO 20696 --- [main] c.f.FerhatFullStackApplicationTests      : No active profile set, falling back to 1 default profile: "default"
2022-08-10 01:28:12.306  INFO 20696 --- [main] .s.d.r.c.RepositoryConfigurationDelegate : Bootstrapping Spring Data JPA repositories in DEFAULT mode.
2022-08-10 01:28:12.306  INFO 20696 --- [main] .s.d.r.c.RepositoryConfigurationDelegate : Finished Spring Data repository scanning in 4 ms. Found 0 JPA repository interfaces.
2022-08-10 01:28:12.761  INFO 20696 --- [main] o.hibernate.jpa.internal.util.LogHelper  : HHH000204: Processing PersistenceUnitInfo [name: default]
2022-08-10 01:28:12.824  INFO 20696 --- [main] org.hibernate.Version                    : HHH000412: Hibernate ORM core version 5.6.10.Final
2022-08-10 01:28:12.949  INFO 20696 --- [main] o.hibernate.annotations.common.Version   : HCANN000001: Hibernate Commons Annotations {5.1.2.Final}
2022-08-10 01:28:13.058  INFO 20696 --- [main] com.zaxxer.hikari.HikariDataSource       : HikariPool-1 - Starting...
2022-08-10 01:28:13.241  INFO 20696 --- [main] com.zaxxer.hikari.HikariDataSource       : HikariPool-1 - Start completed.
2022-08-10 01:28:13.256  INFO 20696 --- [main] org.hibernate.dialect.Dialect            : HHH000400: Using dialect: org.hibernate.dialect.H2Dialect
2022-08-10 01:28:13.444  INFO 20696 --- [main] o.h.e.t.j.p.i.JtaPlatformInitiator       : HHH000490: Using JtaPlatform implementation: [org.hibernate.engine.transaction.jta.platform.internal.NoJtaPlatform]
2022-08-10 01:28:13.444  INFO 20696 --- [main] j.LocalContainerEntityManagerFactoryBean : Initialized JPA EntityManagerFactory for persistence unit 'default'
2022-08-10 01:28:13.680  WARN 20696 --- [main] JpaBaseConfiguration$JpaWebConfiguration : spring.jpa.open-in-view is enabled by default. Therefore, database queries may be performed during view rendering. Explicitly configure spring.jpa.open-in-view to disable this warning
2022-08-10 01:28:14.050  INFO 20696 --- [main] o.s.b.a.h2.H2ConsoleAutoConfiguration    : H2 console available at '/h2-console'. Database available at 'jdbc:h2:file:./memory_persist/denemedb'
2022-08-10 01:28:14.050  INFO 20696 --- [main] o.s.b.a.w.s.WelcomePageHandlerMapping    : Adding welcome page template: index
2022-08-10 01:28:14.519  WARN 20696 --- [main] .s.s.UserDetailsServiceAutoConfiguration : 

Using generated security password: 88b07bb0-79d6-4830-bf7a-b94bd280cd53

This generated password is for development use only. Your security configuration must be updated before running your application in production.

2022-08-10 01:28:14.680  INFO 20696 --- [main] o.s.s.web.DefaultSecurityFilterChain     : Will secure any request with [org.springframework.security.web.session.DisableEncodeUrlFilter@5b6f3d0b, org.springframework.security.web.context.request.async.WebAsyncManagerIntegrationFilter@8e77c5b, org.springframework.security.web.context.SecurityContextPersistenceFilter@55665086, org.springframework.security.web.header.HeaderWriterFilter@c3d4bd7, org.springframework.security.web.csrf.CsrfFilter@51e0f2eb, org.springframework.security.web.authentication.logout.LogoutFilter@38a52072, org.springframework.security.web.authentication.UsernamePasswordAuthenticationFilter@3c6fc4cd, org.springframework.security.web.authentication.ui.DefaultLoginPageGeneratingFilter@becb93a, org.springframework.security.web.authentication.ui.DefaultLogoutPageGeneratingFilter@776a3365, org.springframework.security.web.authentication.www.BasicAuthenticationFilter@4452e13c, org.springframework.security.web.savedrequest.RequestCacheAwareFilter@66596c4c, org.springframework.security.web.servletapi.SecurityContextHolderAwareRequestFilter@15ce261, org.springframework.security.web.authentication.AnonymousAuthenticationFilter@c0521e5, org.springframework.security.web.session.SessionManagementFilter@4c614d8c, org.springframework.security.web.access.ExceptionTranslationFilter@2699b656, org.springframework.security.web.access.intercept.FilterSecurityInterceptor@1610c03c]
2022-08-10 01:28:14.729  INFO 20696 --- [main] o.s.b.a.e.web.EndpointLinksResolver      : Exposing 1 endpoint(s) beneath base path '/actuator'
2022-08-10 01:28:14.774  INFO 20696 --- [main] c.f.FerhatFullStackApplicationTests      : Started FerhatFullStackApplicationTests in 3.479 seconds (JVM running for 15.673)
2022-08-10 01:28:15.041  INFO 20696 --- [SpringApplicationShutdownHook] j.LocalContainerEntityManagerFactoryBean : Closing JPA EntityManagerFactory for persistence unit 'default'
2022-08-10 01:28:15.041  INFO 20696 --- [SpringApplicationShutdownHook] com.zaxxer.hikari.HikariDataSource       : HikariPool-1 - Shutdown initiated...
2022-08-10 01:28:15.041  INFO 20696 --- [SpringApplicationShutdownHook] com.zaxxer.hikari.HikariDataSource       : HikariPool-1 - Shutdown completed.
2022-08-10 01:32:08.010  INFO 2820 --- [main] c.f.FerhatFullStackApplicationTests      : Starting FerhatFullStackApplicationTests using Java 18.0.2 on FERHAT with PID 2820 (started by NERİA in A:\FerhatFullStack)
2022-08-10 01:32:08.015  INFO 2820 --- [main] c.f.FerhatFullStackApplicationTests      : No active profile set, falling back to 1 default profile: "default"
2022-08-10 01:32:08.918  INFO 2820 --- [main] .s.d.r.c.RepositoryConfigurationDelegate : Bootstrapping Spring Data JPA repositories in DEFAULT mode.
2022-08-10 01:32:08.930  INFO 2820 --- [main] .s.d.r.c.RepositoryConfigurationDelegate : Finished Spring Data repository scanning in 5 ms. Found 0 JPA repository interfaces.
2022-08-10 01:32:09.423  INFO 2820 --- [main] o.hibernate.jpa.internal.util.LogHelper  : HHH000204: Processing PersistenceUnitInfo [name: default]
2022-08-10 01:32:09.485  INFO 2820 --- [main] org.hibernate.Version                    : HHH000412: Hibernate ORM core version 5.6.10.Final
2022-08-10 01:32:09.626  INFO 2820 --- [main] o.hibernate.annotations.common.Version   : HCANN000001: Hibernate Commons Annotations {5.1.2.Final}
2022-08-10 01:32:09.730  INFO 2820 --- [main] com.zaxxer.hikari.HikariDataSource       : HikariPool-1 - Starting...
2022-08-10 01:32:09.935  INFO 2820 --- [main] com.zaxxer.hikari.HikariDataSource       : HikariPool-1 - Start completed.
2022-08-10 01:32:09.948  INFO 2820 --- [main] org.hibernate.dialect.Dialect            : HHH000400: Using dialect: org.hibernate.dialect.H2Dialect
2022-08-10 01:32:10.126  INFO 2820 --- [main] o.h.e.t.j.p.i.JtaPlatformInitiator       : HHH000490: Using JtaPlatform implementation: [org.hibernate.engine.transaction.jta.platform.internal.NoJtaPlatform]
2022-08-10 01:32:10.131  INFO 2820 --- [main] j.LocalContainerEntityManagerFactoryBean : Initialized JPA EntityManagerFactory for persistence unit 'default'
2022-08-10 01:32:10.327  WARN 2820 --- [main] JpaBaseConfiguration$JpaWebConfiguration : spring.jpa.open-in-view is enabled by default. Therefore, database queries may be performed during view rendering. Explicitly configure spring.jpa.open-in-view to disable this warning
2022-08-10 01:32:10.672  INFO 2820 --- [main] o.s.b.a.h2.H2ConsoleAutoConfiguration    : H2 console available at '/h2-console'. Database available at 'jdbc:h2:file:./memory_persist/denemedb'
2022-08-10 01:32:10.672  INFO 2820 --- [main] o.s.b.a.w.s.WelcomePageHandlerMapping    : Adding welcome page template: index
2022-08-10 01:32:11.110  WARN 2820 --- [main] .s.s.UserDetailsServiceAutoConfiguration : 

Using generated security password: 013c1908-df5a-4823-ad79-e76c0745dd89

This generated password is for development use only. Your security configuration must be updated before running your application in production.

2022-08-10 01:32:11.252  INFO 2820 --- [main] o.s.s.web.DefaultSecurityFilterChain     : Will secure any request with [org.springframework.security.web.session.DisableEncodeUrlFilter@75ac326f, org.springframework.security.web.context.request.async.WebAsyncManagerIntegrationFilter@736f8837, org.springframework.security.web.context.SecurityContextPersistenceFilter@1e27bb89, org.springframework.security.web.header.HeaderWriterFilter@11ca8f71, org.springframework.security.web.csrf.CsrfFilter@141229f6, org.springframework.security.web.authentication.logout.LogoutFilter@4ae6451d, org.springframework.security.web.authentication.UsernamePasswordAuthenticationFilter@306cfb8a, org.springframework.security.web.authentication.ui.DefaultLoginPageGeneratingFilter@17fb5184, org.springframework.security.web.authentication.ui.DefaultLogoutPageGeneratingFilter@14624acc, org.springframework.security.web.authentication.www.BasicAuthenticationFilter@4a49919c, org.springframework.security.web.savedrequest.RequestCacheAwareFilter@3d3a28b5, org.springframework.security.web.servletapi.SecurityContextHolderAwareRequestFilter@1ee22768, org.springframework.security.web.authentication.AnonymousAuthenticationFilter@1b6e4761, org.springframework.security.web.session.SessionManagementFilter@3da61af2, org.springframework.security.web.access.ExceptionTranslationFilter@65a2e14e, org.springframework.security.web.access.intercept.FilterSecurityInterceptor@41289e88]
2022-08-10 01:32:11.299  INFO 2820 --- [main] o.s.b.a.e.web.EndpointLinksResolver      : Exposing 1 endpoint(s) beneath base path '/actuator'
2022-08-10 01:32:11.330  INFO 2820 --- [main] c.f.FerhatFullStackApplicationTests      : Started FerhatFullStackApplicationTests in 3.659 seconds (JVM running for 5.395)
2022-08-10 01:32:11.641  INFO 2820 --- [SpringApplicationShutdownHook] j.LocalContainerEntityManagerFactoryBean : Closing JPA EntityManagerFactory for persistence unit 'default'
2022-08-10 01:32:11.641  INFO 2820 --- [SpringApplicationShutdownHook] com.zaxxer.hikari.HikariDataSource       : HikariPool-1 - Shutdown initiated...
2022-08-10 01:32:11.641  INFO 2820 --- [SpringApplicationShutdownHook] com.zaxxer.hikari.HikariDataSource       : HikariPool-1 - Shutdown completed.
